CFAST Version 6.1.1 built 2008/10/28, run 2011/11/07

Data file is D:\Dropbox\Share\Work\CFAST\precfast\PreCFAST_Application\PreCFAST\bin\Debug\Platforma1.in    Title is CFAST Simulation


OVERVIEW


Compartments    Doors, ...    Ceil. Vents, ...    MV Connects

   2               4             0                    2

Simulation     Output     History     Smokeview  Spreadsheet
   Time       Interval    Interval    Interval    Interval    
   (s)          (s)         (s)         (s)         (s)         

   600          10           0           0           1

Ceiling jet is on for all                                         


AMBIENT CONDITIONS

Interior       Interior       Exterior       Exterior       Station        Wind           Wind           Wind           
Temperature    Pressure       Temperature    Pressure       Elevation      Speed          Ref. Height    Power
(C)            (Pa)           (C)             (Pa)          (m)            (m/s)           (m)

    20.          101300.          20.          101300.         0.00          0.0           10.0           0.16


COMPARTMENTS

Compartment  Name           Width     Depth     Height    Area      Volume    Ceiling   Floor     
                                                                              Height    Height    
                             (m)       (m)       (m)       (m^2)     (m^3)      (m)       (m)
------------------------------------------------------------------------------------------------
    1        Vagon           2.60     19.50      2.50     50.70    126.75      2.50      0.00
    2        Platforma      12.00    125.00      5.00   1500.00   7500.00      5.00      0.00


VENT CONNECTIONS

Horizontal Natural Flow Connections (Doors, Windows, ...)

From           To             Vent      Width     Sill      Soffit    Abs.      Abs.      Area
Compartment    Compartment    Number              Height    Height    Sill      Soffit
                                        (m)       (m)       (m)       (m)       (m)       (m^2)
----------------------------------------------------------------------------------------------------
Vagon          Platforma       1        1.01      0.00      2.00      0.00      2.00      2.02
Vagon          Platforma       2        1.01      0.00      2.00      0.00      2.00      2.02
Vagon          Platforma       3        1.01      0.00      2.00      0.00      2.00      2.02
Vagon          Platforma       4        1.01      0.00      2.00      0.00      2.00      2.02


There are no vertical natural flow connections


Fans

System    From           From      To             To        Fan       Minimum   Maximum    Fan Curve
                         Elev.                    Elev.     Number
                         (m)                      (m)                 (Pa)      (Pa)
----------------------------------------------------------------------------------------------------
   1      Comp  2        0.00      Node  1        0.00                1.00
          Node  1        0.00      Node  2        0.00        1       200.00    300.00      1.0    
          Node  2        0.00      Outside        0.00                1.00


THERMAL PROPERTIES

Compartment    Ceiling      Wall         Floor
----------------------------------------------------------------------
Vagon          CONCRETE     CONCRETE     OFF     
Platforma      CONCRETE     CONCRETE     OFF     


Thermal data base used: thermal             

Name    Conductivity Specific heat     Density     Thickness   Emissivity                HCL B's (1->5)
ACOUTILE    5.800E-02    1.340E+03     290.        3.000E-03    0.900      0.00E+00  0.00E+00  0.00E+00  0.00E+00  0.00E+00
ALUM1/8      231.        1.033E+03    2.702E+03    3.000E-03    0.900      0.00E+00  0.00E+00  0.00E+00  0.00E+00  0.00E+00
ALUM2064     186.        1.042E+03    2.770E+03    3.000E-03    0.900      0.00E+00  0.00E+00  0.00E+00  0.00E+00  0.00E+00
BRICK        1.50         960.        2.645E+03    7.600E-02    0.900      0.00E+00  0.00E+00  0.00E+00  0.00E+00  0.00E+00
COMBRICK    0.720         835.        1.920E+03    7.600E-02    0.900      0.00E+00  0.00E+00  0.00E+00  0.00E+00  0.00E+00
MARINITE    0.180        1.293E+03     737.        1.300E-02    0.830      0.00E+00  0.00E+00  0.00E+00  0.00E+00  0.00E+00
CELLULOS    3.900E-02    1.380E+03     45.0        8.800E-02    0.900      0.00E+00  0.00E+00  0.00E+00  0.00E+00  0.00E+00
CEMENTMO    0.720         780.        1.860E+03    2.500E-02    0.900      0.00E+00  0.00E+00  0.00E+00  0.00E+00  0.00E+00
CONCLITE    0.125        1.050E+03     525.        0.150        0.940      0.00E+00  0.00E+00  0.00E+00  0.00E+00  0.00E+00
CONCRETE     1.75        1.000E+03    2.200E+03    0.150        0.940      0.00E+00  0.00E+00  0.00E+00  0.00E+00  0.00E+00
CONCRGYP    0.170        1.090E+03     930.        1.270E-02    0.940      0.00E+00  0.00E+00  0.00E+00  0.00E+00  0.00E+00
DEFAULT     0.160         900.         790.        1.600E-02    0.900      6.30E-03  1.92E+02  5.87E-02  7.48E+03  1.93E+02
FIREBRIK    0.360         750.        1.040E+03    0.113        0.800      0.00E+00  0.00E+00  0.00E+00  0.00E+00  0.00E+00
FBRKCRMF    0.170        1.040E+03     128.        5.000E-02    0.950      0.00E+00  0.00E+00  0.00E+00  0.00E+00  0.00E+00
GLASSFB2    3.800E-02     835.         32.0        1.300E-02    0.900      0.00E+00  0.00E+00  0.00E+00  0.00E+00  0.00E+00
GLASSFB2    3.800E-02     835.         32.0        1.300E-02    0.900      0.00E+00  0.00E+00  0.00E+00  0.00E+00  0.00E+00
GLASFIBR    4.000E-02     720.         105.        8.800E-02    0.900      0.00E+00  0.00E+00  0.00E+00  0.00E+00  0.00E+00
GLASSFB3    3.600E-02     795.         105.        1.300E-02    0.900      0.00E+00  0.00E+00  0.00E+00  0.00E+00  0.00E+00
GLASSFB3    3.600E-02     795.         105.        1.300E-02    0.900      0.00E+00  0.00E+00  0.00E+00  0.00E+00  0.00E+00
GLASSFB4    4.300E-02     835.         16.0        1.300E-02    0.900      0.00E+00  0.00E+00  0.00E+00  0.00E+00  0.00E+00
GLASSFB4    4.300E-02     835.         16.0        1.300E-02    0.900      0.00E+00  0.00E+00  0.00E+00  0.00E+00  0.00E+00
GYP1/2      0.160         900.         790.        1.300E-02    0.900      6.30E-03  1.92E+02  5.87E-02  7.48E+03  1.93E+02
GYP3/4      0.160         900.         790.        1.900E-02    0.900      6.30E-03  1.92E+02  5.87E-02  7.48E+03  1.93E+02
GYPSUM      0.160         900.         790.        1.600E-02    0.900      6.30E-03  1.92E+02  5.87E-02  7.48E+03  1.93E+02
GYPPLAST    0.220        1.085E+03    1.680E+03    7.600E-02    0.900      6.30E-03  1.92E+02  5.87E-02  7.48E+03  1.93E+02
GYPX5/8     0.140         900.         770.        1.600E-02    0.900      6.30E-03  1.92E+02  5.87E-02  7.48E+03  1.93E+02
GYPGLASS    0.160         900.         790.        2.400E-02    0.900      0.00E+00  0.00E+00  0.00E+00  0.00E+00  0.00E+00
GYPMARI     0.110        1.330E+03     720.        1.270E-02    0.830      0.00E+00  0.00E+00  0.00E+00  0.00E+00  0.00E+00
HARDBDHD    0.150        1.380E+03    1.010E+03    1.300E-02    0.900      0.00E+00  0.00E+00  0.00E+00  0.00E+00  0.00E+00
HARDBDSD    9.400E-02    1.170E+03     640.        1.300E-02    0.900      0.00E+00  0.00E+00  0.00E+00  0.00E+00  0.00E+00
MARICRMF    0.170        1.040E+03     128.        5.000E-02    0.950      0.00E+00  0.00E+00  0.00E+00  0.00E+00  0.00E+00
METHANE     7.000E-02    1.090E+03     930.        1.270E-02    4.000E-02  0.00E+00  0.00E+00  0.00E+00  0.00E+00  0.00E+00
KAOWOOL     0.220        1.047E+03     128.        0.116        0.970      0.00E+00  0.00E+00  0.00E+00  0.00E+00  0.00E+00
OIL          145.        1.909E+03     884.        6.000E-03    0.800      0.00E+00  0.00E+00  0.00E+00  0.00E+00  0.00E+00
PARTBDHD    0.170        1.300E+03    1.000E+03    1.300E-02    0.900      0.00E+00  0.00E+00  0.00E+00  0.00E+00  0.00E+00
PARTBDLD    7.800E-02    1.300E+03     590.        1.300E-02    0.900      0.00E+00  0.00E+00  0.00E+00  0.00E+00  0.00E+00
GLASS        1.40         750.        2.500E+03    6.000E-03    0.100      0.00E+00  0.00E+00  0.00E+00  0.00E+00  0.00E+00
GLASS        1.40         750.        2.500E+03    6.000E-03    0.100      0.00E+00  0.00E+00  0.00E+00  0.00E+00  0.00E+00
PLYWOOD     0.120        1.215E+03     545.        1.300E-02    0.900      0.00E+00  0.00E+00  0.00E+00  0.00E+00  0.00E+00
SHEATHNG    5.500E-02    1.300E+03     290.        1.300E-02    0.900      0.00E+00  0.00E+00  0.00E+00  0.00E+00  0.00E+00
STAIN304     19.8         557.        7.900E+03    3.000E-03    0.900      0.00E+00  0.00E+00  0.00E+00  0.00E+00  0.00E+00
STEELSHT     48.0         559.        7.854E+03    1.500E-03    0.900      0.00E+00  0.00E+00  0.00E+00  0.00E+00  0.00E+00
STEEL1/8     48.0         559.        7.854E+03    3.000E-03    0.900      0.00E+00  0.00E+00  0.00E+00  0.00E+00  0.00E+00
STEEL3/8     48.0         559.        7.854E+03    9.500E-03    0.900      0.00E+00  0.00E+00  0.00E+00  0.00E+00  0.00E+00
URETHANE    2.600E-02    1.045E+03     70.0        1.300E-02    0.900      0.00E+00  0.00E+00  0.00E+00  0.00E+00  0.00E+00
VERMICUL    6.800E-02     835.         80.0        6.000E-03    0.900      0.00E+00  0.00E+00  0.00E+00  0.00E+00  0.00E+00
WOODSHCM    8.700E-02    1.590E+03     350.        1.300E-02    0.900      0.00E+00  0.00E+00  0.00E+00  0.00E+00  0.00E+00
HARDWOOD    0.160        1.255E+03     720.        1.900E-02    0.900      0.00E+00  0.00E+00  0.00E+00  0.00E+00  0.00E+00
SOFTWOOD    0.120        1.380E+03     510.        1.900E-02    0.900      0.00E+00  0.00E+00  0.00E+00  0.00E+00  0.00E+00
DEFAULT     0.120         900.         800.        1.200E-02    0.900      0.00E+00  0.00E+00  0.00E+00  0.00E+00  0.00E+00



TARGETS

Target Compartment    Position (x, y, z)         Direction (x, y, z)      Material
----------------------------------------------------------------------------------
    1    Vagon        1.30     9.75     0.00     0.00     0.00     1.00   METHANE 
    2    Vagon        1.30     9.75     0.00     0.00     0.00     1.00   DEFAULT 
    3    Platforma    6.00    62.50     0.00     0.00     0.00     1.00   DEFAULT 


FIRES


Name: cfastexp_0   Referenced as object #  1

Compartment    Fire Type       Position (x,y,z)     Relative    Lower O2    Pyrolysis
                                                    Humidity    Limit       Temperature
Vagon          Constrained     1.30   9.75   0.00   62.0        10.00        293.


  Time      Fmass     Hcomb     Fqdot     Fhigh     C/CO2     CO/CO2    H/C       O/C       HCN       HCL         CT        TS
  (s)       (kg/s)    (J/kg)    (W)       (m)       (kg/kg)   (kg/kg)   (kg/kg)   (kg/kg)   (kg/kg)   (kg/kg)   (kg/kg)   (kg/kg)
------------------------------------------------------------------------------------------------------------------------------------
     0.      0.0      1.79E+07   0.0       0.0      0.15      1.08E-02   0.0       0.0      1.40E-02   0.0       0.0       0.0
    12.     3.08E-03  1.79E+07  5.52E+04   0.0      0.15      1.08E-02   0.0       0.0      1.40E-02   0.0       0.0       0.0
    25.     1.23E-02  1.79E+07  2.21E+05   0.0      0.15      1.08E-02   0.0       0.0      1.40E-02   0.0       0.0       0.0
    37.     2.78E-02  1.79E+07  4.97E+05   0.0      0.15      1.08E-02   0.0       0.0      1.40E-02   0.0       0.0       0.0
    49.     4.94E-02  1.79E+07  8.83E+05   0.0      0.15      1.08E-02   0.0       0.0      1.40E-02   0.0       0.0       0.0
    61.     7.71E-02  1.79E+07  1.38E+06   0.0      0.15      1.08E-02   0.0       0.0      1.40E-02   0.0       0.0       0.0
    74.     0.11      1.79E+07  1.99E+06   0.0      0.15      1.08E-02   0.0       0.0      1.40E-02   0.0       0.0       0.0
    86.     0.15      1.79E+07  2.71E+06   0.0      0.15      1.08E-02   0.0       0.0      1.40E-02   0.0       0.0       0.0
    98.     0.20      1.79E+07  3.53E+06   0.0      0.15      1.08E-02   0.0       0.0      1.40E-02   0.0       0.0       0.0
   111.     0.25      1.79E+07  4.47E+06   0.0      0.15      1.08E-02   0.0       0.0      1.40E-02   0.0       0.0       0.0
   123.     0.31      1.79E+07  5.52E+06   0.0      0.15      1.08E-02   0.0       0.0      1.40E-02   0.0       0.0       0.0
   135.     0.37      1.79E+07  6.68E+06   0.0      0.15      1.08E-02   0.0       0.0      1.40E-02   0.0       0.0       0.0
   148.     0.44      1.79E+07  7.95E+06   0.0      0.15      1.08E-02   0.0       0.0      1.40E-02   0.0       0.0       0.0
   160.     0.52      1.79E+07  9.33E+06   0.0      0.15      1.08E-02   0.0       0.0      1.40E-02   0.0       0.0       0.0
   172.     0.60      1.79E+07  1.08E+07   0.0      0.15      1.08E-02   0.0       0.0      1.40E-02   0.0       0.0       0.0
   184.     0.69      1.79E+07  1.24E+07   0.0      0.15      1.08E-02   0.0       0.0      1.40E-02   0.0       0.0       0.0
   197.     0.79      1.79E+07  1.41E+07   0.0      0.15      1.08E-02   0.0       0.0      1.40E-02   0.0       0.0       0.0
   209.     0.89      1.79E+07  1.60E+07   0.0      0.15      1.08E-02   0.0       0.0      1.40E-02   0.0       0.0       0.0
   221.      1.0      1.79E+07  1.79E+07   0.0      0.15      1.08E-02   0.0       0.0      1.40E-02   0.0       0.0       0.0
   234.      1.1      1.79E+07  1.99E+07   0.0      0.15      1.08E-02   0.0       0.0      1.40E-02   0.0       0.0       0.0
   234.      1.1      1.79E+07  1.99E+07   0.0      0.15      1.08E-02   0.0       0.0      1.40E-02   0.0       0.0       0.0
   234.      1.1      1.79E+07  1.99E+07   0.0      0.15      1.08E-02   0.0       0.0      1.40E-02   0.0       0.0       0.0
   234.      1.1      1.79E+07  1.99E+07   0.0      0.15      1.08E-02   0.0       0.0      1.40E-02   0.0       0.0       0.0
   246.      1.2      1.79E+07  2.21E+07   0.0      0.15      1.08E-02   0.0       0.0      1.40E-02   0.0       0.0       0.0
   600.      1.2      1.79E+07  2.21E+07   0.0      0.15      1.08E-02   0.0       0.0      1.40E-02   0.0       0.0       0.0
   600.      0.0      1.79E+07   0.0       0.0      0.15      1.08E-02   0.0       0.0      1.40E-02   0.0       0.0       0.0
