Date stamp from CFAST initialization 2011/11/07    
The project files are based on the root: Platforma1                                                      
Version 6.1.1 Created 2008/10/28
Opening a version  6 file in normal mode
Key word TIMES parameter(s) = 600       -10       0         10        1         
Key word EAMB  parameter(s) = 293.15    101300    0         
Key word TAMB  parameter(s) = 293.15    101300    0         62        
Key word CJET  parameter(s) = WALLS     
Ceiling jet calculation has been set:  T F T F T
Key word CHEMI parameter(s) = 10        393.15    
Key word WIND  parameter(s) = 0         10        0.16      
Key word COMPA parameter(s) = Vagon     2.6       19.5      2.5       12        17.9103   0         CONCRETE  OFF       CONCRETE  
Compartment   1 Vagon       2.6  19.5   2.5  12.0  17.9   0.0 T F T T   CONCRETE  OFF       CONCRETE  CONCRETE
Key word COMPA parameter(s) = Platforma 12        125       5         0         0         0         CONCRETE  OFF       CONCRETE  
Compartment   2 Platform   12.0 125.0   5.0   0.0   0.0   0.0 T F T T   CONCRETE  OFF       CONCRETE  CONCRETE
Key word MVENT parameter(s) = 2         3         1         V         0         1         V         0         1         1         200       300       1         
Key word HALL  parameter(s) = 1         -1        -1        -1        
Key word HALL  parameter(s) = 2         -1        -1        -1        
Key word HVENT parameter(s) = 1         2         1         1.01111   2         0         1         1.19      0         4         1         
Key word HVENT parameter(s) = 1         2         2         1.01111   2         0         1         5.7073    0         4         1         
Key word HVENT parameter(s) = 1         2         3         1.01111   2         0         1         16.6198   0         4         1         
Key word HVENT parameter(s) = 1         2         4         1.01111   2         0         1         12.2148   0         4         1         
Key word OBJEC parameter(s) = cfastexp_01         1.3       9.75      0         1         1         0         0         0         1         
Plume model for this fire: McCaffrey 
Open the output file D:\Dropbox\Share\Work\CFAST\precfast\PreCFAST_Application\PreCFAST\bin\Debug\Platforma1.out
Open the smokeview files - D:\Dropbox\Share\Work\CFAST\precfast\PreCFAST_Application\PreCFAST\bin\Debug\Platforma1.smv  D:\Dropbox\Share\Work\CFAST\precfast\PreCFAST_Application\PreCFAST\bin\Debug\Platforma1.plt
Open the spreadsheet files - D:\Dropbox\Share\Work\CFAST\precfast\PreCFAST_Application\PreCFAST\bin\Debug\Platforma1.n.csv  D:\Dropbox\Share\Work\CFAST\precfast\PreCFAST_Application\PreCFAST\bin\Debug\Platforma1.f.csv  D:\Dropbox\Share\Work\CFAST\precfast\PreCFAST_Application\PreCFAST\bin\Debug\Platforma1.s.csv  D:\Dropbox\Share\Work\CFAST\precfast\PreCFAST_Application\PreCFAST\bin\Debug\Platforma1.w.csv
Open the object fire file D:\Dropbox\Share\Work\CFAST\precfast\PreCFAST_Application\PreCFAST\bin\Debug\cfastexp_0.o                                                                                                                                                                       
Object cfastexp_0 position set to   1.300  9.750  0.001; Maximum HRR per m^3 is  4.245E+03
Open the thermophysical properties file D:\Dropbox\Share\Work\CFAST\precfast\PreCFAST_Application\PreCFAST\bin\Debug\thermal.csv                                                                                                                                                                        
Initialize only
Total execution time =   0.00     seconds
Normal exit from CFAST
